On branch master
Untracked files:
	.local.git.out
	auto_grade_pwcheck.sh
	expected.txt
	out_file.txt
	passwords.txt

nothing added to commit but untracked files present
On branch master
Untracked files:
	.local.git.out
	auto_grade_pwcheck.sh
	expected.txt
	out_file.txt
	passwords.txt

nothing added to commit but untracked files present
On branch master
Untracked files:
	.local.git.out
	auto_grade_pwcheck.sh
	expected.txt
	out_file.txt
	passwords.txt

nothing added to commit but untracked files present
On branch master
Untracked files:
	.local.git.out
	auto_grade_pwcheck.sh
	expected.txt
	out_file.txt
	passwords.txt

nothing added to commit but untracked files present
On branch master
Untracked files:
	.local.git.out
	auto_grade_pwcheck.sh
	expected.txt
	out_file.txt
	passwords.txt

nothing added to commit but untracked files present
On branch master
Untracked files:
	.local.git.out
	auto_grade_pwcheck.sh
	expected.txt
	out_file.txt
	passwords.txt

nothing added to commit but untracked files present
On branch master
Untracked files:
	.local.git.out
	auto_grade_pwcheck.sh
	expected.txt
	out_file.txt
	passwords.txt

nothing added to commit but untracked files present
On branch master
Untracked files:
	.local.git.out
	auto_grade_pwcheck.sh
	expected.txt
	out_file.txt
	passwords.txt

nothing added to commit but untracked files present
On branch master
Untracked files:
	.local.git.out
	auto_grade_pwcheck.sh
	expected.txt
	out_file.txt
	passwords.txt

nothing added to commit but untracked files present
On branch master
Untracked files:
	.local.git.out
	auto_grade_pwcheck.sh
	expected.txt
	out_file.txt
	passwords.txt

nothing added to commit but untracked files present
On branch master
Untracked files:
	.local.git.out
	auto_grade_pwcheck.sh
	expected.txt
	out_file.txt
	passwords.txt

nothing added to commit but untracked files present
On branch master
Untracked files:
	.local.git.out
	auto_grade_pwcheck.sh
	expected.txt
	out_file.txt
	passwords.txt

nothing added to commit but untracked files present
On branch master
Untracked files:
	.local.git.out
	auto_grade_pwcheck.sh
	expected.txt
	out_file.txt
	passwords.txt

nothing added to commit but untracked files present
On branch master
Untracked files:
	.local.git.out
	auto_grade_pwcheck.sh
	expected.txt
	out_file.txt
	passwords.txt

nothing added to commit but untracked files present
On branch master
Untracked files:
	.local.git.out
	auto_grade_pwcheck.sh
	expected.txt
	out_file.txt
	passwords.txt

nothing added to commit but untracked files present
On branch master
Untracked files:
	.local.git.out
	auto_grade_pwcheck.sh
	expected.txt
	out_file.txt
	passwords.txt

nothing added to commit but untracked files present
On branch master
Untracked files:
	.local.git.out
	auto_grade_pwcheck.sh
	expected.txt
	out_file.txt
	passwords.txt

nothing added to commit but untracked files present
On branch master
Untracked files:
	.local.git.out
	auto_grade_pwcheck.sh
	expected.txt
	out_file.txt
	passwords.txt

nothing added to commit but untracked files present
[master 87b6728] Lab 2 commit
 1 file changed, 1 insertion(+), 1 deletion(-)
[master f33fd20] Lab 2 commit
 2 files changed, 3 insertions(+), 1 deletion(-)
[master d1e3509] Lab 2 commit
 2 files changed, 3 insertions(+), 1 deletion(-)
[master d9033e3] Lab 2 commit
 2 files changed, 3 insertions(+), 1 deletion(-)
[master 2a297ae] Lab 2 commit
 2 files changed, 3 insertions(+), 1 deletion(-)
[master 97ff11d] Lab 2 commit
 2 files changed, 3 insertions(+), 1 deletion(-)
[master fccbf5a] Lab 2 commit
 2 files changed, 3 insertions(+), 1 deletion(-)
[master 260c359] Lab 2 commit
 2 files changed, 3 insertions(+), 1 deletion(-)
[master e4bea42] Lab 2 commit
 2 files changed, 3 insertions(+), 1 deletion(-)
[master 9b62315] Lab 2 commit
 2 files changed, 3 insertions(+), 1 deletion(-)
[master 8e8a776] Lab 2 commit
 2 files changed, 3 insertions(+), 1 deletion(-)
[master 2ec5e71] Lab 2 commit
 2 files changed, 3 insertions(+), 1 deletion(-)
[master 52781b5] Lab 2 commit
 2 files changed, 3 insertions(+), 1 deletion(-)
[master e10dd25] Lab 2 commit
 2 files changed, 3 insertions(+), 1 deletion(-)
[master 589ecd8] Lab 2 commit
 2 files changed, 3 insertions(+), 1 deletion(-)
[master 013078c] Lab 2 commit
 2 files changed, 3 insertions(+), 1 deletion(-)
[master 2bb3e60] Lab 2 commit
 2 files changed, 3 insertions(+), 1 deletion(-)
[master 7882325] Lab 2 commit
 2 files changed, 3 insertions(+), 1 deletion(-)
[master 86602e2] Lab 2 commit
 2 files changed, 3 insertions(+), 1 deletion(-)
[master 4e626d1] Lab 2 commit
 2 files changed, 3 insertions(+), 1 deletion(-)
[master 3842868] Lab 2 commit
 2 files changed, 3 insertions(+), 1 deletion(-)
[master ede6d28] Lab 2 commit
 2 files changed, 3 insertions(+), 1 deletion(-)
[master dd0129a] Lab 2 commit
 2 files changed, 3 insertions(+), 1 deletion(-)
[master f44ad7a] Lab 2 commit
 2 files changed, 3 insertions(+), 1 deletion(-)
[master 4bef349] Lab 2 commit
 2 files changed, 3 insertions(+), 1 deletion(-)
[master cb3184d] Lab 2 commit
 2 files changed, 3 insertions(+), 1 deletion(-)
[master d3343da] Lab 2 commit
 2 files changed, 3 insertions(+), 1 deletion(-)
[master 52db7e7] Lab 2 commit
 2 files changed, 3 insertions(+), 1 deletion(-)
[master 37c6b3a] Lab 2 commit
 2 files changed, 3 insertions(+), 1 deletion(-)
[master fd08bbe] Lab 2 commit
 2 files changed, 3 insertions(+), 1 deletion(-)
[master 92ad7f1] Lab 2 commit
 2 files changed, 3 insertions(+), 1 deletion(-)
[master cea09b4] Lab 2 commit
 2 files changed, 3 insertions(+), 1 deletion(-)
[master 9def6b6] Lab 2 commit
 2 files changed, 3 insertions(+), 1 deletion(-)
[master 6a1e3bf] Lab 2 commit
 2 files changed, 3 insertions(+), 1 deletion(-)
[master c82fd7a] Lab 2 commit
 2 files changed, 3 insertions(+), 1 deletion(-)
[master d6e10f6] Lab 2 commit
 2 files changed, 3 insertions(+), 1 deletion(-)
[master 1f93fd6] Lab 2 commit
 3 files changed, 20 insertions(+), 1 deletion(-)
[master d640ef7] Lab 2 commit
 2 files changed, 3 insertions(+), 1 deletion(-)
[master a72be44] Lab 2 commit
 2 files changed, 3 insertions(+), 1 deletion(-)
[master 5159f0c] Lab 2 commit
 2 files changed, 3 insertions(+), 1 deletion(-)
[master b731453] Lab 2 commit
 2 files changed, 3 insertions(+), 1 deletion(-)
[master 3cf97df] Lab 2 commit
 2 files changed, 3 insertions(+), 1 deletion(-)
[master 5f83cc3] Lab 2 commit
 2 files changed, 3 insertions(+), 1 deletion(-)
[master e7bdc35] Lab 2 commit
 2 files changed, 3 insertions(+), 1 deletion(-)
[master 7f06fd9] Lab 2 commit
 2 files changed, 3 insertions(+), 1 deletion(-)
[master eaaae87] Lab 2 commit
 2 files changed, 3 insertions(+), 1 deletion(-)
[master 06b4ec4] Lab 2 commit
 2 files changed, 3 insertions(+), 1 deletion(-)
[master e01cdbf] Lab 2 commit
 2 files changed, 3 insertions(+), 1 deletion(-)
[master caf36f6] Lab 2 commit
 2 files changed, 3 insertions(+), 1 deletion(-)
[master b35f462] Lab 2 commit
 2 files changed, 3 insertions(+), 1 deletion(-)
[master 4af5686] Lab 2 commit
 2 files changed, 3 insertions(+), 1 deletion(-)
[master 7b633a8] Lab 2 commit
 2 files changed, 3 insertions(+), 1 deletion(-)
[master a3c2afd] Lab 2 commit
 2 files changed, 3 insertions(+), 1 deletion(-)
[master 2c938a2] Lab 2 commit
 2 files changed, 3 insertions(+), 1 deletion(-)
[master 39cbd3b] Lab 2 commit
 3 files changed, 9 insertions(+), 1 deletion(-)
[master 7c1bc7c] Lab 2 commit
 2 files changed, 3 insertions(+), 1 deletion(-)
[master 5d32e6f] Lab 2 commit
 2 files changed, 3 insertions(+), 1 deletion(-)
[master 90be5c4] Lab 2 commit
 2 files changed, 3 insertions(+), 1 deletion(-)
[master 35275cc] Lab 2 commit
 2 files changed, 3 insertions(+), 1 deletion(-)
[master 9701f87] Lab 2 commit
 2 files changed, 3 insertions(+), 1 deletion(-)
[master a62bfa5] Lab 2 commit
 2 files changed, 3 insertions(+), 1 deletion(-)
[master 5bf7399] Lab 2 commit
 2 files changed, 3 insertions(+), 1 deletion(-)
[master 84c09a9] Lab 2 commit
 2 files changed, 3 insertions(+), 1 deletion(-)
[master 48207c0] Lab 2 commit
 2 files changed, 3 insertions(+), 1 deletion(-)
[master 76e08b4] Lab 2 commit
 2 files changed, 3 insertions(+), 1 deletion(-)
[master 97bd540] Lab 2 commit
 2 files changed, 3 insertions(+), 1 deletion(-)
[master 552f458] Lab 2 commit
 2 files changed, 3 insertions(+), 1 deletion(-)
[master 2a2a8e3] Lab 2 commit
 2 files changed, 3 insertions(+), 1 deletion(-)
[master 39980c1] Lab 2 commit
 2 files changed, 3 insertions(+), 1 deletion(-)
[master 3c3593a] Lab 2 commit
 2 files changed, 3 insertions(+), 1 deletion(-)
[master 2214196] Lab 2 commit
 2 files changed, 3 insertions(+), 1 deletion(-)
[master f9ba51a] Lab 2 commit
 2 files changed, 3 insertions(+), 1 deletion(-)
[master 0034a4c] Lab 2 commit
 3 files changed, 4 insertions(+), 2 deletions(-)
[master 72b8ad7] Lab 2 commit
 2 files changed, 3 insertions(+), 1 deletion(-)
[master f613100] Lab 2 commit
 2 files changed, 3 insertions(+), 1 deletion(-)
[master 85110df] Lab 2 commit
 2 files changed, 3 insertions(+), 1 deletion(-)
[master 8d2df0c] Lab 2 commit
 2 files changed, 3 insertions(+), 1 deletion(-)
[master a6a15d0] Lab 2 commit
 2 files changed, 3 insertions(+), 1 deletion(-)
[master 2372801] Lab 2 commit
 2 files changed, 3 insertions(+), 1 deletion(-)
[master 1edb13e] Lab 2 commit
 2 files changed, 3 insertions(+), 1 deletion(-)
[master 3ae7942] Lab 2 commit
 2 files changed, 3 insertions(+), 1 deletion(-)
[master 6f6b34e] Lab 2 commit
 2 files changed, 3 insertions(+), 1 deletion(-)
[master f628508] Lab 2 commit
 2 files changed, 3 insertions(+), 1 deletion(-)
[master c725ac4] Lab 2 commit
 2 files changed, 3 insertions(+), 1 deletion(-)
[master 2cfccea] Lab 2 commit
 2 files changed, 3 insertions(+), 1 deletion(-)
[master f06eaef] Lab 2 commit
 2 files changed, 3 insertions(+), 1 deletion(-)
[master 998b756] Lab 2 commit
 2 files changed, 3 insertions(+), 1 deletion(-)
[master b88662d] Lab 2 commit
 2 files changed, 3 insertions(+), 1 deletion(-)
[master 3299499] Lab 2 commit
 2 files changed, 3 insertions(+), 1 deletion(-)
[master 15b7dc7] Lab 2 commit
 2 files changed, 3 insertions(+), 1 deletion(-)
[master f59106f] Lab 2 commit
 3 files changed, 4 insertions(+), 2 deletions(-)
[master 116c25b] Lab 2 commit
 2 files changed, 3 insertions(+), 1 deletion(-)
[master 37cbdc5] Lab 2 commit
 2 files changed, 3 insertions(+), 1 deletion(-)
[master c4fb0e3] Lab 2 commit
 2 files changed, 3 insertions(+), 1 deletion(-)
[master ff7f544] Lab 2 commit
 2 files changed, 3 insertions(+), 1 deletion(-)
[master ee309fe] Lab 2 commit
 2 files changed, 3 insertions(+), 1 deletion(-)
[master 3f5cc23] Lab 2 commit
 2 files changed, 3 insertions(+), 1 deletion(-)
[master 8ce800a] Lab 2 commit
 2 files changed, 3 insertions(+), 1 deletion(-)
[master fdd3d51] Lab 2 commit
 2 files changed, 3 insertions(+), 1 deletion(-)
[master b5d4ec5] Lab 2 commit
 2 files changed, 3 insertions(+), 1 deletion(-)
[master 17e3cc0] Lab 2 commit
 2 files changed, 3 insertions(+), 1 deletion(-)
[master 9d22c88] Lab 2 commit
 2 files changed, 3 insertions(+), 1 deletion(-)
[master 3b006b9] Lab 2 commit
 2 files changed, 3 insertions(+), 1 deletion(-)
[master a3453ba] Lab 2 commit
 2 files changed, 3 insertions(+), 1 deletion(-)
[master e2489ee] Lab 2 commit
 2 files changed, 3 insertions(+), 1 deletion(-)
[master 819f4db] Lab 2 commit
 2 files changed, 3 insertions(+), 1 deletion(-)
[master eb97760] Lab 2 commit
 2 files changed, 3 insertions(+), 1 deletion(-)
[master a69f31f] Lab 2 commit
 2 files changed, 3 insertions(+), 1 deletion(-)
[master 18e51bd] Lab 2 commit
 3 files changed, 12 insertions(+), 2 deletions(-)
[master c8e8122] Lab 2 commit
 2 files changed, 3 insertions(+), 1 deletion(-)
[master 9ca10e9] Lab 2 commit
 2 files changed, 3 insertions(+), 1 deletion(-)
[master 984b774] Lab 2 commit
 2 files changed, 3 insertions(+), 1 deletion(-)
[master 6162ed2] Lab 2 commit
 2 files changed, 3 insertions(+), 1 deletion(-)
[master 445864e] Lab 2 commit
 2 files changed, 3 insertions(+), 1 deletion(-)
[master 4c14ba1] Lab 2 commit
 2 files changed, 3 insertions(+), 1 deletion(-)
[master ef5e3db] Lab 2 commit
 2 files changed, 3 insertions(+), 1 deletion(-)
[master 4d63e77] Lab 2 commit
 2 files changed, 3 insertions(+), 1 deletion(-)
[master 16ecd9e] Lab 2 commit
 2 files changed, 3 insertions(+), 1 deletion(-)
[master 17743f8] Lab 2 commit
 2 files changed, 3 insertions(+), 1 deletion(-)
[master 198f616] Lab 2 commit
 2 files changed, 3 insertions(+), 1 deletion(-)
[master a69d05e] Lab 2 commit
 2 files changed, 3 insertions(+), 1 deletion(-)
[master 37e57de] Lab 2 commit
 2 files changed, 3 insertions(+), 1 deletion(-)
[master 671f8f5] Lab 2 commit
 2 files changed, 3 insertions(+), 1 deletion(-)
[master e681706] Lab 2 commit
 2 files changed, 3 insertions(+), 1 deletion(-)
[master 09b2c65] Lab 2 commit
 2 files changed, 3 insertions(+), 1 deletion(-)
[master 8b7fcfe] Lab 2 commit
 2 files changed, 3 insertions(+), 1 deletion(-)
[master b262e1c] Lab 2 commit
 3 files changed, 33 insertions(+), 5 deletions(-)
[master 9d38168] Lab 2 commit
 2 files changed, 3 insertions(+), 1 deletion(-)
[master 7b892e1] Lab 2 commit
 2 files changed, 3 insertions(+), 1 deletion(-)
[master 0e1ed4f] Lab 2 commit
 2 files changed, 3 insertions(+), 1 deletion(-)
[master d4b0e47] Lab 2 commit
 2 files changed, 3 insertions(+), 1 deletion(-)
[master e65f2c3] Lab 2 commit
 2 files changed, 3 insertions(+), 1 deletion(-)
[master eda5269] Lab 2 commit
 2 files changed, 3 insertions(+), 1 deletion(-)
[master acec960] Lab 2 commit
 2 files changed, 3 insertions(+), 1 deletion(-)
[master 2fafbda] Lab 2 commit
 2 files changed, 3 insertions(+), 1 deletion(-)
[master c8ef02e] Lab 2 commit
 2 files changed, 3 insertions(+), 1 deletion(-)
[master bbbe91b] Lab 2 commit
 2 files changed, 3 insertions(+), 1 deletion(-)
[master ecc30af] Lab 2 commit
 2 files changed, 3 insertions(+), 1 deletion(-)
[master b9e9610] Lab 2 commit
 2 files changed, 3 insertions(+), 1 deletion(-)
[master 9d1ed5f] Lab 2 commit
 2 files changed, 3 insertions(+), 1 deletion(-)
[master 0b30bcf] Lab 2 commit
 2 files changed, 3 insertions(+), 1 deletion(-)
[master 0b8b03f] Lab 2 commit
 2 files changed, 3 insertions(+), 1 deletion(-)
[master c4d0b3d] Lab 2 commit
 2 files changed, 3 insertions(+), 1 deletion(-)
[master 5c96d91] Lab 2 commit
 2 files changed, 3 insertions(+), 1 deletion(-)
[master 0031c47] Lab 2 commit
 3 files changed, 7 insertions(+), 5 deletions(-)
[master 10a641d] Lab 2 commit
 2 files changed, 3 insertions(+), 1 deletion(-)
[master 72a3e75] Lab 2 commit
 2 files changed, 3 insertions(+), 1 deletion(-)
[master 0a96ac9] Lab 2 commit
 2 files changed, 3 insertions(+), 1 deletion(-)
[master 9178446] Lab 2 commit
 2 files changed, 3 insertions(+), 1 deletion(-)
[master 1f30308] Lab 2 commit
 2 files changed, 3 insertions(+), 1 deletion(-)
[master 05a80b8] Lab 2 commit
 2 files changed, 3 insertions(+), 1 deletion(-)
[master bfe5a8f] Lab 2 commit
 2 files changed, 3 insertions(+), 1 deletion(-)
[master 8bfbf9f] Lab 2 commit
 2 files changed, 3 insertions(+), 1 deletion(-)
[master 6407b98] Lab 2 commit
 2 files changed, 3 insertions(+), 1 deletion(-)
[master 87a1371] Lab 2 commit
 2 files changed, 3 insertions(+), 1 deletion(-)
[master ed1c945] Lab 2 commit
 2 files changed, 3 insertions(+), 1 deletion(-)
[master c8aaea4] Lab 2 commit
 2 files changed, 3 insertions(+), 1 deletion(-)
[master 109be54] Lab 2 commit
 2 files changed, 3 insertions(+), 1 deletion(-)
[master 3c21f44] Lab 2 commit
 2 files changed, 3 insertions(+), 1 deletion(-)
[master 0a9c747] Lab 2 commit
 2 files changed, 3 insertions(+), 1 deletion(-)
[master 6c48a0d] Lab 2 commit
 2 files changed, 3 insertions(+), 1 deletion(-)
[master 6fd4fdc] Lab 2 commit
 2 files changed, 3 insertions(+), 1 deletion(-)
[master 26e5637] Lab 2 commit
 3 files changed, 28 insertions(+), 20 deletions(-)
[master 95bfcb5] Lab 2 commit
 2 files changed, 3 insertions(+), 1 deletion(-)
[master 24eff2f] Lab 2 commit
 2 files changed, 3 insertions(+), 1 deletion(-)
[master 20c3a6f] Lab 2 commit
 2 files changed, 3 insertions(+), 1 deletion(-)
[master 617c69c] Lab 2 commit
 2 files changed, 3 insertions(+), 1 deletion(-)
[master 1fb1362] Lab 2 commit
 2 files changed, 3 insertions(+), 1 deletion(-)
[master e77ce88] Lab 2 commit
 2 files changed, 3 insertions(+), 1 deletion(-)
[master e8435de] Lab 2 commit
 2 files changed, 3 insertions(+), 1 deletion(-)
[master 8d33e85] Lab 2 commit
 2 files changed, 3 insertions(+), 1 deletion(-)
[master ad33443] Lab 2 commit
 2 files changed, 3 insertions(+), 1 deletion(-)
[master 4834244] Lab 2 commit
 2 files changed, 3 insertions(+), 1 deletion(-)
[master 556fd79] Lab 2 commit
 2 files changed, 3 insertions(+), 1 deletion(-)
[master 50c7212] Lab 2 commit
 2 files changed, 3 insertions(+), 1 deletion(-)
[master d5fda3b] Lab 2 commit
 2 files changed, 3 insertions(+), 1 deletion(-)
[master 9a3b8c1] Lab 2 commit
 2 files changed, 3 insertions(+), 1 deletion(-)
[master fd65d2b] Lab 2 commit
 2 files changed, 3 insertions(+), 1 deletion(-)
[master d05b530] Lab 2 commit
 2 files changed, 3 insertions(+), 1 deletion(-)
[master 5498392] Lab 2 commit
 2 files changed, 3 insertions(+), 1 deletion(-)
[master c563f59] Lab 2 commit
 3 files changed, 4 insertions(+), 2 deletions(-)
[master 93a8127] Lab 2 commit
 2 files changed, 3 insertions(+), 1 deletion(-)
[master 6fed770] Lab 2 commit
 2 files changed, 3 insertions(+), 1 deletion(-)
[master 398a082] Lab 2 commit
 2 files changed, 3 insertions(+), 1 deletion(-)
[master bc6ca5a] Lab 2 commit
 2 files changed, 3 insertions(+), 1 deletion(-)
[master 261c7a9] Lab 2 commit
 2 files changed, 3 insertions(+), 1 deletion(-)
[master 3c683fb] Lab 2 commit
 2 files changed, 3 insertions(+), 1 deletion(-)
[master 5aac0ef] Lab 2 commit
 2 files changed, 3 insertions(+), 1 deletion(-)
[master 604ef67] Lab 2 commit
 2 files changed, 3 insertions(+), 1 deletion(-)
[master c3fe06d] Lab 2 commit
 2 files changed, 3 insertions(+), 1 deletion(-)
[master 22fca09] Lab 2 commit
 2 files changed, 3 insertions(+), 1 deletion(-)
[master c03c3c0] Lab 2 commit
 2 files changed, 3 insertions(+), 1 deletion(-)
[master 9525f20] Lab 2 commit
 2 files changed, 3 insertions(+), 1 deletion(-)
[master 45e49aa] Lab 2 commit
 2 files changed, 3 insertions(+), 1 deletion(-)
[master 9b25e98] Lab 2 commit
 2 files changed, 3 insertions(+), 1 deletion(-)
[master 283bbcf] Lab 2 commit
 2 files changed, 3 insertions(+), 1 deletion(-)
[master c7145de] Lab 2 commit
 2 files changed, 3 insertions(+), 1 deletion(-)
[master 6e509c5] Lab 2 commit
 2 files changed, 3 insertions(+), 1 deletion(-)
[master 18cebbe] Lab 2 commit
 2 files changed, 3 insertions(+), 1 deletion(-)
[master 4665bd3] Lab 2 commit
 1 file changed, 2 insertions(+)
[master f4badf8] Lab 2 commit
 1 file changed, 2 insertions(+)
[master ac5e8a6] Lab 2 commit
 1 file changed, 2 insertions(+)
[master 2089c21] Lab 2 commit
 2 files changed, 3 insertions(+), 1 deletion(-)
[master 8569fca] Lab 2 commit
 2 files changed, 3 insertions(+), 1 deletion(-)
[master f432faf] Lab 2 commit
 2 files changed, 3 insertions(+), 1 deletion(-)
[master 3a71804] Lab 2 commit
 2 files changed, 3 insertions(+), 1 deletion(-)
[master 925c04e] Lab 2 commit
 2 files changed, 3 insertions(+), 1 deletion(-)
[master 6e5806b] Lab 2 commit
 2 files changed, 3 insertions(+), 1 deletion(-)
[master 9a98519] Lab 2 commit
 2 files changed, 3 insertions(+), 1 deletion(-)
[master 1a0958f] Lab 2 commit
 2 files changed, 3 insertions(+), 1 deletion(-)
[master 632ebe7] Lab 2 commit
 2 files changed, 3 insertions(+), 1 deletion(-)
[master 4585c76] Lab 2 commit
 2 files changed, 3 insertions(+), 1 deletion(-)
[master 4528fde] Lab 2 commit
 2 files changed, 3 insertions(+), 1 deletion(-)
[master 4351404] Lab 2 commit
 2 files changed, 3 insertions(+), 1 deletion(-)
[master 6a3afe5] Lab 2 commit
 2 files changed, 3 insertions(+), 1 deletion(-)
[master 4e913dd] Lab 2 commit
 2 files changed, 3 insertions(+), 1 deletion(-)
[master 72b22a1] Lab 2 commit
 2 files changed, 3 insertions(+), 1 deletion(-)
[master 2a483ff] Lab 2 commit
 2 files changed, 3 insertions(+), 1 deletion(-)
[master 6e0c4d7] Lab 2 commit
 2 files changed, 3 insertions(+), 1 deletion(-)
[master 5a78cbc] Lab 2 commit
 2 files changed, 3 insertions(+), 1 deletion(-)
[master 4f60b61] Lab 2 commit
 1 file changed, 2 insertions(+)
[master 966e1ee] Lab 2 commit
 3 files changed, 4 insertions(+), 2 deletions(-)
[master ef9c60f] Lab 2 commit
 2 files changed, 3 insertions(+), 1 deletion(-)
[master 6ed4b59] Lab 2 commit
 2 files changed, 3 insertions(+), 1 deletion(-)
[master 7bd7857] Lab 2 commit
 2 files changed, 3 insertions(+), 1 deletion(-)
[master c437657] Lab 2 commit
 2 files changed, 3 insertions(+), 1 deletion(-)
[master 28d2133] Lab 2 commit
 2 files changed, 3 insertions(+), 1 deletion(-)
[master 69f9d65] Lab 2 commit
 2 files changed, 3 insertions(+), 1 deletion(-)
[master fef8850] Lab 2 commit
 2 files changed, 3 insertions(+), 1 deletion(-)
[master b06df2e] Lab 2 commit
 2 files changed, 3 insertions(+), 1 deletion(-)
[master 4bc10ca] Lab 2 commit
 2 files changed, 3 insertions(+), 1 deletion(-)
[master c05e88d] Lab 2 commit
 2 files changed, 3 insertions(+), 1 deletion(-)
[master 1ba6a66] Lab 2 commit
 2 files changed, 3 insertions(+), 1 deletion(-)
[master 33788e1] Lab 2 commit
 2 files changed, 3 insertions(+), 1 deletion(-)
[master f0bf92f] Lab 2 commit
 2 files changed, 3 insertions(+), 1 deletion(-)
[master f71cf79] Lab 2 commit
 2 files changed, 3 insertions(+), 1 deletion(-)
[master e7eaea9] Lab 2 commit
 2 files changed, 3 insertions(+), 1 deletion(-)
[master 682a08f] Lab 2 commit
 2 files changed, 3 insertions(+), 1 deletion(-)
[master 6ca89e5] Lab 2 commit
 2 files changed, 3 insertions(+), 1 deletion(-)
[master ff63468] Lab 2 commit
 4 files changed, 7 insertions(+), 5 deletions(-)
[master c271368] Lab 2 commit
 2 files changed, 3 insertions(+), 1 deletion(-)
[master 1389320] Lab 2 commit
 2 files changed, 3 insertions(+), 1 deletion(-)
[master 6a344b7] Lab 2 commit
 2 files changed, 3 insertions(+), 1 deletion(-)
[master e758092] Lab 2 commit
 2 files changed, 3 insertions(+), 1 deletion(-)
[master 7fb57d4] Lab 2 commit
 2 files changed, 3 insertions(+), 1 deletion(-)
[master e4a3cab] Lab 2 commit
 2 files changed, 3 insertions(+), 1 deletion(-)
[master e1e955f] Lab 2 commit
 2 files changed, 3 insertions(+), 1 deletion(-)
[master 39ea839] Lab 2 commit
 2 files changed, 3 insertions(+), 1 deletion(-)
[master f280ec4] Lab 2 commit
 2 files changed, 3 insertions(+), 1 deletion(-)
[master ac9a172] Lab 2 commit
 2 files changed, 3 insertions(+), 1 deletion(-)
[master f6223b4] Lab 2 commit
 2 files changed, 3 insertions(+), 1 deletion(-)
[master b15d611] Lab 2 commit
 2 files changed, 3 insertions(+), 1 deletion(-)
[master 9694089] Lab 2 commit
 2 files changed, 3 insertions(+), 1 deletion(-)
[master 00a5fca] Lab 2 commit
 2 files changed, 3 insertions(+), 1 deletion(-)
[master b67e0d5] Lab 2 commit
 2 files changed, 3 insertions(+), 1 deletion(-)
[master b65d25a] Lab 2 commit
 2 files changed, 3 insertions(+), 1 deletion(-)
[master 31b7e48] Lab 2 commit
 2 files changed, 3 insertions(+), 1 deletion(-)
[master b8445ec] Lab 2 commit
 3 files changed, 4 insertions(+), 2 deletions(-)
[master 7da61c7] Lab 2 commit
 2 files changed, 3 insertions(+), 1 deletion(-)
[master 45a08e2] Lab 2 commit
 2 files changed, 3 insertions(+), 1 deletion(-)
[master 2c2784f] Lab 2 commit
 2 files changed, 3 insertions(+), 1 deletion(-)
[master 1596fa3] Lab 2 commit
 2 files changed, 3 insertions(+), 1 deletion(-)
[master 0ed8973] Lab 2 commit
 2 files changed, 3 insertions(+), 1 deletion(-)
[master c398b1c] Lab 2 commit
 2 files changed, 3 insertions(+), 1 deletion(-)
[master ca847c1] Lab 2 commit
 2 files changed, 3 insertions(+), 1 deletion(-)
[master bd730c9] Lab 2 commit
 2 files changed, 3 insertions(+), 1 deletion(-)
[master 3700a86] Lab 2 commit
 2 files changed, 3 insertions(+), 1 deletion(-)
[master dd2be2c] Lab 2 commit
 2 files changed, 3 insertions(+), 1 deletion(-)
[master 1b71e6d] Lab 2 commit
 2 files changed, 3 insertions(+), 1 deletion(-)
[master 659be72] Lab 2 commit
 2 files changed, 3 insertions(+), 1 deletion(-)
[master 8dc7e04] Lab 2 commit
 2 files changed, 3 insertions(+), 1 deletion(-)
[master f5442c3] Lab 2 commit
 2 files changed, 3 insertions(+), 1 deletion(-)
[master 07ba019] Lab 2 commit
 2 files changed, 3 insertions(+), 1 deletion(-)
[master adfb25d] Lab 2 commit
 2 files changed, 3 insertions(+), 1 deletion(-)
[master 945ec99] Lab 2 commit
 2 files changed, 3 insertions(+), 1 deletion(-)
[master 16d286c] Lab 2 commit
 3 files changed, 6 insertions(+), 4 deletions(-)
[master 73ae7f2] Lab 2 commit
 2 files changed, 3 insertions(+), 1 deletion(-)
[master 6847583] Lab 2 commit
 2 files changed, 3 insertions(+), 1 deletion(-)
[master 1eb3547] Lab 2 commit
 2 files changed, 3 insertions(+), 1 deletion(-)
[master 91c7e2a] Lab 2 commit
 2 files changed, 3 insertions(+), 1 deletion(-)
[master 546e23a] Lab 2 commit
 2 files changed, 3 insertions(+), 1 deletion(-)
[master a338357] Lab 2 commit
 2 files changed, 3 insertions(+), 1 deletion(-)
[master bd2b077] Lab 2 commit
 2 files changed, 3 insertions(+), 1 deletion(-)
[master e7ccd01] Lab 2 commit
 2 files changed, 3 insertions(+), 1 deletion(-)
[master da6f10b] Lab 2 commit
 2 files changed, 3 insertions(+), 1 deletion(-)
[master 6b9f420] Lab 2 commit
 2 files changed, 3 insertions(+), 1 deletion(-)
[master 7d984a8] Lab 2 commit
 2 files changed, 3 insertions(+), 1 deletion(-)
[master 918d5b7] Lab 2 commit
 2 files changed, 3 insertions(+), 1 deletion(-)
[master c718d7b] Lab 2 commit
 2 files changed, 3 insertions(+), 1 deletion(-)
[master e61b7c7] Lab 2 commit
 2 files changed, 3 insertions(+), 1 deletion(-)
[master cd15936] Lab 2 commit
 2 files changed, 3 insertions(+), 1 deletion(-)
[master 597b2b4] Lab 2 commit
 2 files changed, 3 insertions(+), 1 deletion(-)
[master 1898a68] Lab 2 commit
 2 files changed, 3 insertions(+), 1 deletion(-)
[master 818e559] Lab 2 commit
 1 file changed, 2 insertions(+)
[master e2fce27] Lab 2 commit
 1 file changed, 2 insertions(+)
[master 6136355] Lab 2 commit
 1 file changed, 2 insertions(+)
[master d8b3588] Lab 2 commit
 1 file changed, 2 insertions(+)
[master 270cec9] Lab 2 commit
 2 files changed, 3 insertions(+), 1 deletion(-)
[master 8291ba6] Lab 2 commit
 2 files changed, 3 insertions(+), 1 deletion(-)
[master 549bf9f] Lab 2 commit
 2 files changed, 3 insertions(+), 1 deletion(-)
[master f5cb561] Lab 2 commit
 2 files changed, 3 insertions(+), 1 deletion(-)
[master 005e193] Lab 2 commit
 2 files changed, 3 insertions(+), 1 deletion(-)
[master af0ecf5] Lab 2 commit
 2 files changed, 3 insertions(+), 1 deletion(-)
[master 6884313] Lab 2 commit
 2 files changed, 3 insertions(+), 1 deletion(-)
[master cc33b00] Lab 2 commit
 2 files changed, 3 insertions(+), 1 deletion(-)
[master 0dee3d3] Lab 2 commit
 2 files changed, 3 insertions(+), 1 deletion(-)
[master afb7dde] Lab 2 commit
 2 files changed, 3 insertions(+), 1 deletion(-)
[master 31e48a3] Lab 2 commit
 2 files changed, 3 insertions(+), 1 deletion(-)
[master 439dade] Lab 2 commit
 2 files changed, 3 insertions(+), 1 deletion(-)
[master e22d0bb] Lab 2 commit
 2 files changed, 3 insertions(+), 1 deletion(-)
[master 775ffd5] Lab 2 commit
 2 files changed, 3 insertions(+), 1 deletion(-)
[master bdcfd6d] Lab 2 commit
 2 files changed, 3 insertions(+), 1 deletion(-)
[master 446e1c7] Lab 2 commit
 2 files changed, 3 insertions(+), 1 deletion(-)
[master 65b26c9] Lab 2 commit
 2 files changed, 3 insertions(+), 1 deletion(-)
[master d28222c] Lab 2 commit
 2 files changed, 3 insertions(+), 1 deletion(-)
[master 9d26798] Lab 2 commit
 1 file changed, 2 insertions(+)
[master c9b5d5c] Lab 2 commit
 1 file changed, 2 insertions(+)
[master f17acac] Lab 2 commit
 3 files changed, 5 insertions(+), 5 deletions(-)
[master d239650] Lab 2 commit
 2 files changed, 3 insertions(+), 1 deletion(-)
[master 5ef4380] Lab 2 commit
 2 files changed, 3 insertions(+), 1 deletion(-)
[master d53e59e] Lab 2 commit
 2 files changed, 3 insertions(+), 1 deletion(-)
[master 4ec3d79] Lab 2 commit
 2 files changed, 3 insertions(+), 1 deletion(-)
[master 3640872] Lab 2 commit
 2 files changed, 3 insertions(+), 1 deletion(-)
[master 5533e84] Lab 2 commit
 2 files changed, 3 insertions(+), 1 deletion(-)
[master 12ed185] Lab 2 commit
 2 files changed, 3 insertions(+), 1 deletion(-)
[master 3cb9aa8] Lab 2 commit
 2 files changed, 3 insertions(+), 1 deletion(-)
[master 89280ee] Lab 2 commit
 2 files changed, 3 insertions(+), 1 deletion(-)
[master bd9cbc8] Lab 2 commit
 2 files changed, 3 insertions(+), 1 deletion(-)
[master b0a6396] Lab 2 commit
 2 files changed, 3 insertions(+), 1 deletion(-)
[master 7484e05] Lab 2 commit
 2 files changed, 3 insertions(+), 1 deletion(-)
[master 593796b] Lab 2 commit
 2 files changed, 3 insertions(+), 1 deletion(-)
[master 8c91b7d] Lab 2 commit
 2 files changed, 3 insertions(+), 1 deletion(-)
[master f4b3dc5] Lab 2 commit
 2 files changed, 3 insertions(+), 1 deletion(-)
[master 4dc6826] Lab 2 commit
 2 files changed, 3 insertions(+), 1 deletion(-)
[master 8ae6b53] Lab 2 commit
 2 files changed, 3 insertions(+), 1 deletion(-)
[master 4bbe350] Lab 2 commit
 3 files changed, 5 insertions(+), 1 deletion(-)
[master 6f0958a] Lab 2 commit
 2 files changed, 3 insertions(+), 1 deletion(-)
[master 1323b41] Lab 2 commit
 2 files changed, 3 insertions(+), 1 deletion(-)
[master 24ab03b] Lab 2 commit
 2 files changed, 3 insertions(+), 1 deletion(-)
[master 9d2341c] Lab 2 commit
 2 files changed, 3 insertions(+), 1 deletion(-)
[master 0e846fc] Lab 2 commit
 2 files changed, 3 insertions(+), 1 deletion(-)
[master 7f0f4e1] Lab 2 commit
 2 files changed, 3 insertions(+), 1 deletion(-)
[master 39c1d6b] Lab 2 commit
 2 files changed, 3 insertions(+), 1 deletion(-)
[master a5c95b8] Lab 2 commit
 2 files changed, 3 insertions(+), 1 deletion(-)
[master 412aa65] Lab 2 commit
 2 files changed, 3 insertions(+), 1 deletion(-)
[master 3fd26ec] Lab 2 commit
 2 files changed, 3 insertions(+), 1 deletion(-)
[master 7e7e89d] Lab 2 commit
 2 files changed, 3 insertions(+), 1 deletion(-)
[master 8d639c1] Lab 2 commit
 2 files changed, 3 insertions(+), 1 deletion(-)
[master b36c32b] Lab 2 commit
 2 files changed, 3 insertions(+), 1 deletion(-)
[master 1c8d5f7] Lab 2 commit
 2 files changed, 3 insertions(+), 1 deletion(-)
[master e9191b2] Lab 2 commit
 2 files changed, 3 insertions(+), 1 deletion(-)
[master c421d30] Lab 2 commit
 2 files changed, 3 insertions(+), 1 deletion(-)
[master 0fbc769] Lab 2 commit
 2 files changed, 3 insertions(+), 1 deletion(-)
[master 4d601a8] Lab 2 commit
 1 file changed, 2 insertions(+)
[master 75c8db3] Lab 2 commit
 1 file changed, 2 insertions(+)
[master d1a6df4] Lab 2 commit
 2 files changed, 3 insertions(+), 1 deletion(-)
[master f05d5ec] Lab 2 commit
 1 file changed, 2 insertions(+)
[master f533cc5] Lab 2 commit
 1 file changed, 2 insertions(+)
[master b91093b] Lab 2 commit
 2 files changed, 3 insertions(+), 1 deletion(-)
[master c8404d9] Lab 2 commit
 2 files changed, 3 insertions(+), 1 deletion(-)
[master be6a400] Lab 2 commit
 2 files changed, 3 insertions(+), 1 deletion(-)
[master 48382d9] Lab 2 commit
 2 files changed, 3 insertions(+), 1 deletion(-)
[master 78b6219] Lab 2 commit
 2 files changed, 3 insertions(+), 1 deletion(-)
[master c9f4aca] Lab 2 commit
 2 files changed, 3 insertions(+), 1 deletion(-)
[master e45fbd8] Lab 2 commit
 2 files changed, 3 insertions(+), 1 deletion(-)
[master 48e7fde] Lab 2 commit
 2 files changed, 3 insertions(+), 1 deletion(-)
[master 9f3df32] Lab 2 commit
 2 files changed, 3 insertions(+), 1 deletion(-)
[master 453daed] Lab 2 commit
 2 files changed, 3 insertions(+), 1 deletion(-)
[master d01c749] Lab 2 commit
 2 files changed, 3 insertions(+), 1 deletion(-)
[master 29e0226] Lab 2 commit
 2 files changed, 3 insertions(+), 1 deletion(-)
[master fd85745] Lab 2 commit
 2 files changed, 3 insertions(+), 1 deletion(-)
[master d65cf62] Lab 2 commit
 2 files changed, 3 insertions(+), 1 deletion(-)
[master 9adebc1] Lab 2 commit
 2 files changed, 3 insertions(+), 1 deletion(-)
[master 597e17f] Lab 2 commit
 2 files changed, 3 insertions(+), 1 deletion(-)
[master 9518cf8] Lab 2 commit
 2 files changed, 3 insertions(+), 1 deletion(-)
[master 3343f19] Lab 2 commit
 2 files changed, 3 insertions(+), 1 deletion(-)
[master b10b37b] Lab 2 commit
 2 files changed, 3 insertions(+), 1 deletion(-)
[master 20d49d9] Lab 2 commit
 2 files changed, 3 insertions(+), 1 deletion(-)
[master 2933775] Lab 2 commit
 2 files changed, 3 insertions(+), 1 deletion(-)
[master 08517a8] Lab 2 commit
 2 files changed, 3 insertions(+), 1 deletion(-)
[master ad7769d] Lab 2 commit
 2 files changed, 3 insertions(+), 1 deletion(-)
[master 5652334] Lab 2 commit
 2 files changed, 3 insertions(+), 1 deletion(-)
[master 78292ab] Lab 2 commit
 2 files changed, 3 insertions(+), 1 deletion(-)
[master 34476a2] Lab 2 commit
 2 files changed, 3 insertions(+), 1 deletion(-)
[master 1ec291c] Lab 2 commit
 2 files changed, 3 insertions(+), 1 deletion(-)
[master 6d5ac17] Lab 2 commit
 2 files changed, 3 insertions(+), 1 deletion(-)
[master a805c4f] Lab 2 commit
 2 files changed, 3 insertions(+), 1 deletion(-)
[master 29bb83b] Lab 2 commit
 2 files changed, 3 insertions(+), 1 deletion(-)
[master 8a5612c] Lab 2 commit
 2 files changed, 3 insertions(+), 1 deletion(-)
[master 2d14cf6] Lab 2 commit
 2 files changed, 3 insertions(+), 1 deletion(-)
[master d3b0e86] Lab 2 commit
 2 files changed, 3 insertions(+), 1 deletion(-)
[master 8cc434b] Lab 2 commit
 2 files changed, 3 insertions(+), 1 deletion(-)
[master 9f691a6] Lab 2 commit
 2 files changed, 3 insertions(+), 1 deletion(-)
[master 47612b7] Lab 2 commit
 2 files changed, 3 insertions(+), 1 deletion(-)
[master 8751630] Lab 2 commit
 2 files changed, 3 insertions(+), 1 deletion(-)
[master 49380f1] Lab 2 commit
 2 files changed, 3 insertions(+), 1 deletion(-)
[master e3f1689] Lab 2 commit
 2 files changed, 3 insertions(+), 1 deletion(-)
[master a2b2928] Lab 2 commit
 2 files changed, 3 insertions(+), 1 deletion(-)
[master 215f75d] Lab 2 commit
 2 files changed, 3 insertions(+), 1 deletion(-)
[master f344c40] Lab 2 commit
 2 files changed, 3 insertions(+), 1 deletion(-)
[master ae1bcbc] Lab 2 commit
 2 files changed, 3 insertions(+), 1 deletion(-)
[master d23afdc] Lab 2 commit
 2 files changed, 3 insertions(+), 1 deletion(-)
[master f6a526f] Lab 2 commit
 2 files changed, 3 insertions(+), 1 deletion(-)
[master aca25ec] Lab 2 commit
 2 files changed, 3 insertions(+), 1 deletion(-)
[master b489934] Lab 2 commit
 2 files changed, 3 insertions(+), 1 deletion(-)
[master 69c0c79] Lab 2 commit
 2 files changed, 3 insertions(+), 1 deletion(-)
[master 23b9717] Lab 2 commit
 2 files changed, 3 insertions(+), 1 deletion(-)
[master a41a00b] Lab 2 commit
 2 files changed, 3 insertions(+), 1 deletion(-)
[master c745bcd] Lab 2 commit
 2 files changed, 3 insertions(+), 1 deletion(-)
[master 932c174] Lab 2 commit
 2 files changed, 3 insertions(+), 1 deletion(-)
[master 7bb14bd] Lab 2 commit
 2 files changed, 3 insertions(+), 1 deletion(-)
[master 831fb39] Lab 2 commit
 2 files changed, 3 insertions(+), 1 deletion(-)
[master a600239] Lab 2 commit
 3 files changed, 3 insertions(+), 2 deletions(-)
[master 5f8d5d2] Lab 2 commit
 2 files changed, 3 insertions(+), 1 deletion(-)
[master 9852a80] Lab 2 commit
 2 files changed, 3 insertions(+), 1 deletion(-)
[master ce34897] Lab 2 commit
 2 files changed, 3 insertions(+), 1 deletion(-)
[master a1ad234] Lab 2 commit
 2 files changed, 3 insertions(+), 1 deletion(-)
[master 2ccedb4] Lab 2 commit
 2 files changed, 3 insertions(+), 1 deletion(-)
[master 4e86840] Lab 2 commit
 2 files changed, 3 insertions(+), 1 deletion(-)
[master 3fef90d] Lab 2 commit
 2 files changed, 3 insertions(+), 1 deletion(-)
[master 39b4a76] Lab 2 commit
 2 files changed, 3 insertions(+), 1 deletion(-)
[master 23bc07f] Lab 2 commit
 2 files changed, 3 insertions(+), 1 deletion(-)
[master 41ec596] Lab 2 commit
 2 files changed, 3 insertions(+), 1 deletion(-)
[master 8311921] Lab 2 commit
 2 files changed, 3 insertions(+), 1 deletion(-)
[master 059632b] Lab 2 commit
 2 files changed, 3 insertions(+), 1 deletion(-)
[master 8eeb130] Lab 2 commit
 2 files changed, 3 insertions(+), 1 deletion(-)
[master 2041eea] Lab 2 commit
 2 files changed, 3 insertions(+), 1 deletion(-)
[master d0b3478] Lab 2 commit
 2 files changed, 3 insertions(+), 1 deletion(-)
[master 69a0590] Lab 2 commit
 2 files changed, 3 insertions(+), 1 deletion(-)
[master 25bb92b] Lab 2 commit
 2 files changed, 3 insertions(+), 1 deletion(-)
[master 26c4fa0] Lab 2 commit
 3 files changed, 28 insertions(+), 7 deletions(-)
[master 22ecd95] Lab 2 commit
 2 files changed, 3 insertions(+), 1 deletion(-)
[master 33a8632] Lab 2 commit
 2 files changed, 3 insertions(+), 1 deletion(-)
[master c6d0dbf] Lab 2 commit
 2 files changed, 3 insertions(+), 1 deletion(-)
[master 68a7064] Lab 2 commit
 2 files changed, 3 insertions(+), 1 deletion(-)
[master 2bb968b] Lab 2 commit
 2 files changed, 3 insertions(+), 1 deletion(-)
[master c598224] Lab 2 commit
 2 files changed, 3 insertions(+), 1 deletion(-)
[master 95ddfd0] Lab 2 commit
 2 files changed, 3 insertions(+), 1 deletion(-)
[master 925a6e3] Lab 2 commit
 2 files changed, 3 insertions(+), 1 deletion(-)
[master d1fb908] Lab 2 commit
 2 files changed, 3 insertions(+), 1 deletion(-)
[master fea9b69] Lab 2 commit
 2 files changed, 3 insertions(+), 1 deletion(-)
[master 88cec57] Lab 2 commit
 2 files changed, 3 insertions(+), 1 deletion(-)
[master e476ad9] Lab 2 commit
 2 files changed, 3 insertions(+), 1 deletion(-)
[master 3f72249] Lab 2 commit
 2 files changed, 3 insertions(+), 1 deletion(-)
[master b9a1472] Lab 2 commit
 2 files changed, 3 insertions(+), 1 deletion(-)
[master 048ce91] Lab 2 commit
 2 files changed, 3 insertions(+), 1 deletion(-)
[master 3317242] Lab 2 commit
 2 files changed, 3 insertions(+), 1 deletion(-)
[master 02482dc] Lab 2 commit
 2 files changed, 3 insertions(+), 1 deletion(-)
[master 492052f] Lab 2 commit
 2 files changed, 25 insertions(+), 7 deletions(-)
[master e2ccfc2] Lab 2 commit
 1 file changed, 2 insertions(+)
[master d56191e] Lab 2 commit
 1 file changed, 2 insertions(+)
[master 19ebfee] Lab 2 commit
 1 file changed, 2 insertions(+)
[master 514138d] Lab 2 commit
 2 files changed, 4 insertions(+), 2 deletions(-)
[master 6e5dff1] Lab 2 commit
 1 file changed, 2 insertions(+)
[master 046ca92] Lab 2 commit
 2 files changed, 2 insertions(+), 5 deletions(-)
[master b9ceccd] Lab 2 commit
 2 files changed, 5 insertions(+)
[master 6b861c4] Lab 2 commit
 2 files changed, 6 insertions(+), 4 deletions(-)
[master a6ba45a] Lab 2 commit
 2 files changed, 3 insertions(+), 1 deletion(-)
[master feb0c8c] Lab 2 commit
 2 files changed, 3 insertions(+), 1 deletion(-)
[master 04566e7] Lab 2 commit
 2 files changed, 3 insertions(+), 1 deletion(-)
[master b4b9218] Lab 2 commit
 2 files changed, 3 insertions(+), 1 deletion(-)
[master eb660ce] Lab 2 commit
 2 files changed, 3 insertions(+), 1 deletion(-)
[master 9ad6aaa] Lab 2 commit
 2 files changed, 3 insertions(+), 1 deletion(-)
[master ca39fe8] Lab 2 commit
 2 files changed, 3 insertions(+), 1 deletion(-)
[master d041f53] Lab 2 commit
 2 files changed, 3 insertions(+), 1 deletion(-)
[master e428683] Lab 2 commit
 2 files changed, 3 insertions(+), 1 deletion(-)
[master 7ffff27] Lab 2 commit
 2 files changed, 3 insertions(+), 1 deletion(-)
[master a73cdc1] Lab 2 commit
 2 files changed, 3 insertions(+), 1 deletion(-)
[master 3bef2ed] Lab 2 commit
 2 files changed, 3 insertions(+), 1 deletion(-)
[master 4b766d3] Lab 2 commit
 2 files changed, 3 insertions(+), 1 deletion(-)
[master 60f1e65] Lab 2 commit
 2 files changed, 3 insertions(+), 1 deletion(-)
[master e35fc96] Lab 2 commit
 2 files changed, 3 insertions(+), 1 deletion(-)
[master cb94108] Lab 2 commit
 2 files changed, 3 insertions(+), 1 deletion(-)
[master 9d75473] Lab 2 commit
 2 files changed, 3 insertions(+), 1 deletion(-)
[master 03a13f0] Lab 2 commit
 2 files changed, 3 insertions(+), 1 deletion(-)
[master e68989c] Lab 2 commit
 2 files changed, 20 insertions(+)
[master 790669a] Lab 2 commit
 1 file changed, 2 insertions(+)
[master c4a2fb2] Lab 2 commit
 2 files changed, 18 insertions(+), 17 deletions(-)
[master 5b7f4eb] Lab 2 commit
 2 files changed, 17 insertions(+), 15 deletions(-)
[master 4519f7b] Lab 2 commit
 1 file changed, 2 insertions(+)
[master 155eb97] Lab 2 commit
 2 files changed, 9 insertions(+), 8 deletions(-)
[master 356cb09] Lab 2 commit
 1 file changed, 2 insertions(+)
[master 0251fc4] Lab 2 commit
 2 files changed, 10 insertions(+), 2 deletions(-)
[master 4d10c70] Lab 2 commit
 2 files changed, 4 insertions(+), 6 deletions(-)
[master d4fe088] Lab 2 commit
 2 files changed, 2 insertions(+), 14 deletions(-)
[master 98aa06c] Lab 2 commit
 2 files changed, 4 insertions(+), 2 deletions(-)
[master fd782b9] Lab 2 commit
 1 file changed, 2 insertions(+)
[master 54c89f8] Lab 2 commit
 2 files changed, 3 insertions(+), 1 deletion(-)
[master 3b33e5e] Lab 2 commit
 1 file changed, 2 insertions(+)
[master 6ae314e] Lab 2 commit
 2 files changed, 3 insertions(+), 1 deletion(-)
[master b9649fa] Lab 2 commit
 2 files changed, 3 insertions(+), 1 deletion(-)
[master 5747786] Lab 2 commit
 2 files changed, 3 insertions(+), 1 deletion(-)
[master b024804] Lab 2 commit
 2 files changed, 3 insertions(+), 1 deletion(-)
[master 5fe9cfa] Lab 2 commit
 2 files changed, 3 insertions(+), 1 deletion(-)
[master c2a064c] Lab 2 commit
 2 files changed, 3 insertions(+), 1 deletion(-)
[master 967171c] Lab 2 commit
 2 files changed, 3 insertions(+), 1 deletion(-)
[master 4afb2ac] Lab 2 commit
 2 files changed, 3 insertions(+), 1 deletion(-)
[master 011a0ae] Lab 2 commit
 2 files changed, 3 insertions(+), 1 deletion(-)
[master 8cfc4e4] Lab 2 commit
 2 files changed, 3 insertions(+), 1 deletion(-)
[master 0336492] Lab 2 commit
 2 files changed, 3 insertions(+), 1 deletion(-)
[master 75e0d5f] Lab 2 commit
 2 files changed, 3 insertions(+), 1 deletion(-)
[master a006d16] Lab 2 commit
 2 files changed, 3 insertions(+), 1 deletion(-)
[master a327659] Lab 2 commit
 2 files changed, 3 insertions(+), 1 deletion(-)
[master be944b6] Lab 2 commit
 2 files changed, 3 insertions(+), 1 deletion(-)
[master 4d2ddb8] Lab 2 commit
 2 files changed, 3 insertions(+), 1 deletion(-)
[master 0c2c165] Lab 2 commit
 2 files changed, 3 insertions(+), 1 deletion(-)
[master 2121839] Lab 2 commit
 2 files changed, 3 insertions(+), 1 deletion(-)
[master d025e74] Lab 2 commit
 1 file changed, 2 insertions(+)
[master f1c7225] Lab 2 commit
 1 file changed, 2 insertions(+)
[master a498c37] Lab 2 commit
 2 files changed, 4 insertions(+), 1 deletion(-)
[master d47d44a] Lab 2 commit
 1 file changed, 2 insertions(+)
[master 9f1af34] Lab 2 commit
 1 file changed, 2 insertions(+)
[master 8252a66] Lab 2 commit
 1 file changed, 2 insertions(+)
[master b2dc998] Lab 2 commit
 2 files changed, 3 insertions(+), 1 deletion(-)
[master 4c6c563] Lab 2 commit
 1 file changed, 2 insertions(+)
